Using pre-set license
Built from '2021.3/china_unity/release' branch; Version is '2021.3.18f1c1 (93698379025b) revision 9660803'; Using compiler version '192829333'; Build Type 'Release'
OS: 'Windows 11  (10.0.22621) 64bit CoreCountrySpecific' Language: 'zh' Physical Memory: 16123 MB
BatchMode: 1, IsHumanControllingUs: 0, StartBugReporterOnCrash: 0, Is64bit: 1, IsPro: 1

COMMAND LINE ARGUMENTS:
E:\unity\2021.3.18f1c1\Editor\Unity.exe
-adb2
-batchMode
-noUpm
-name
AssetImportWorker1
-projectPath
E:/qq文件/GuJi/Victor's scene
-logFile
Logs/AssetImportWorker1.log
-srvPort
57708
Successfully changed project path to: E:/qq文件/GuJi/Victor's scene
E:/qq文件/GuJi/Victor's scene
[UnityMemory] Configuration Parameters - Can be set up in boot.config
    "memorysetup-bucket-allocator-granularity=16"
    "memorysetup-bucket-allocator-bucket-count=8"
    "memorysetup-bucket-allocator-block-size=33554432"
    "memorysetup-bucket-allocator-block-count=8"
    "memorysetup-main-allocator-block-size=16777216"
    "memorysetup-thread-allocator-block-size=16777216"
    "memorysetup-gfx-main-allocator-block-size=16777216"
    "memorysetup-gfx-thread-allocator-block-size=16777216"
    "memorysetup-cache-allocator-block-size=4194304"
    "memorysetup-typetree-allocator-block-size=2097152"
    "memorysetup-profiler-bucket-allocator-granularity=16"
    "memorysetup-profiler-bucket-allocator-bucket-count=8"
    "memorysetup-profiler-bucket-allocator-block-size=33554432"
    "memorysetup-profiler-bucket-allocator-block-count=8"
    "memorysetup-profiler-allocator-block-size=16777216"
    "memorysetup-profiler-editor-allocator-block-size=1048576"
    "memorysetup-temp-allocator-size-main=16777216"
    "memorysetup-job-temp-allocator-block-size=2097152"
    "memorysetup-job-temp-allocator-block-size-background=1048576"
    "memorysetup-job-temp-allocator-reduction-small-platforms=262144"
    "memorysetup-temp-allocator-size-background-worker=32768"
    "memorysetup-temp-allocator-size-job-worker=262144"
    "memorysetup-temp-allocator-size-preload-manager=33554432"
    "memorysetup-temp-allocator-size-nav-mesh-worker=65536"
    "memorysetup-temp-allocator-size-audio-worker=65536"
    "memorysetup-temp-allocator-size-cloud-worker=32768"
    "memorysetup-temp-allocator-size-gi-baking-worker=262144"
    "memorysetup-temp-allocator-size-gfx=262144"
Player connection [8352] Host "[IP] 192.168.3.20 [Port] 0 [Flags] 2 [Guid] 953934517 [EditorId] 953934517 [Version] 1048832 [Id] WindowsEditor(7,LAPTOP-CDND6HE8) [Debug] 1 [PackageName] WindowsEditor [ProjectName] Editor" joined multi-casting on [225.0.0.222:54997]...

Player connection [8352] Host "[IP] 192.168.3.20 [Port] 0 [Flags] 2 [Guid] 953934517 [EditorId] 953934517 [Version] 1048832 [Id] WindowsEditor(7,LAPTOP-CDND6HE8) [Debug] 1 [PackageName] WindowsEditor [ProjectName] Editor" joined alternative multi-casting on [225.0.0.222:34997]...

AS: AutoStreaming module initializing.
Refreshing native plugins compatible for Editor in 45.51 ms, found 3 plugins.
Preloading 0 native plugins for Editor in 0.00 ms.
Initialize engine version: 2021.3.18f1c1 (93698379025b)
[Subsystems] Discovering subsystems at path E:/unity/2021.3.18f1c1/Editor/Data/Resources/UnitySubsystems
[Subsystems] Discovering subsystems at path E:/qq文件/GuJi/Victor's scene/Assets
GfxDevice: creating device client; threaded=0; jobified=0
Direct3D:
    Version:  Direct3D 11.0 [level 11.1]
    Renderer: NVIDIA GeForce RTX 4060 Laptop GPU (ID=0x28e0)
    Vendor:   NVIDIA
    VRAM:     7971 MB
    Driver:   31.0.15.2866
Initialize mono
Mono path[0] = 'E:/unity/2021.3.18f1c1/Editor/Data/Managed'
Mono path[1] = 'E:/unity/2021.3.18f1c1/Editor/Data/MonoBleedingEdge/lib/mono/unityjit-win32'
Mono config path = 'E:/unity/2021.3.18f1c1/Editor/Data/MonoBleedingEdge/etc'
Using monoOptions --debugger-agent=transport=dt_socket,embedding=1,server=y,suspend=n,address=127.0.0.1:56396
Begin MonoManager ReloadAssembly
Registering precompiled unity dll's ...
Register platform support module: E:/unity/2021.3.18f1c1/Editor/Data/PlaybackEngines/WebGLSupport/UnityEditor.WebGL.Extensions.dll
Register platform support module: E:/unity/2021.3.18f1c1/Editor/Data/PlaybackEngines/WindowsStandaloneSupport/UnityEditor.WindowsStandalone.Extensions.dll
Register platform support module: E:/unity/2021.3.18f1c1/Editor/Data/PlaybackEngines/MetroSupport/UnityEditor.UWP.Extensions.dll
Registered in 0.004205 seconds.
Native extension for UWP target not found
Native extension for WindowsStandalone target not found
Native extension for WebGL target not found
Refreshing native plugins compatible for Editor in 43.04 ms, found 3 plugins.
Preloading 0 native plugins for Editor in 0.00 ms.
Mono: successfully reloaded assembly
- Completed reload, in  0.435 seconds
Domain Reload Profiling:
	ReloadAssembly (436ms)
		BeginReloadAssembly (91ms)
			ExecutionOrderSort (0ms)
			DisableScriptedObjects (0ms)
			BackupInstance (0ms)
			ReleaseScriptingObjects (0ms)
			CreateAndSetChildDomain (0ms)
		EndReloadAssembly (264ms)
			LoadAssemblies (85ms)
			RebuildTransferFunctionScriptingTraits (0ms)
			SetupTypeCache (59ms)
			ReleaseScriptCaches (0ms)
			RebuildScriptCaches (16ms)
			SetupLoadedEditorAssemblies (145ms)
				LogAssemblyErrors (0ms)
				InitializePlatformSupportModulesInManaged (5ms)
				SetLoadedEditorAssemblies (0ms)
				RefreshPlugins (43ms)
				BeforeProcessingInitializeOnLoad (1ms)
				ProcessInitializeOnLoadAttributes (69ms)
				ProcessInitializeOnLoadMethodAttributes (27ms)
				AfterProcessingInitializeOnLoad (0ms)
				EditorAssembliesLoaded (0ms)
			ExecutionOrderSort2 (0ms)
			AwakeInstancesAfterBackupRestoration (0ms)
Platform modules already initialized, skipping
Registering precompiled user dll's ...
Registered in 0.008103 seconds.
Begin MonoManager ReloadAssembly
Symbol file LoadedFromMemory doesn't match image E:\qq文件\GuJi\Victor's scene\Library\PackageCache\com.unity.visualscripting@1.8.0\Editor\VisualScripting.Core\Dependencies\YamlDotNet\Unity.VisualScripting.YamlDotNet.dll
Symbol file LoadedFromMemory doesn't match image E:\qq文件\GuJi\Victor's scene\Library\PackageCache\com.unity.visualscripting@1.8.0\Editor\VisualScripting.Core\Dependencies\DotNetZip\Unity.VisualScripting.IonicZip.dll
Native extension for UWP target not found
Native extension for WindowsStandalone target not found
Native extension for WebGL target not found
Refreshing native plugins compatible for Editor in 0.36 ms, found 3 plugins.
Preloading 0 native plugins for Editor in 0.00 ms.
Mono: successfully reloaded assembly
- Completed reload, in  0.833 seconds
Domain Reload Profiling:
	ReloadAssembly (833ms)
		BeginReloadAssembly (140ms)
			ExecutionOrderSort (0ms)
			DisableScriptedObjects (3ms)
			BackupInstance (0ms)
			ReleaseScriptingObjects (0ms)
			CreateAndSetChildDomain (11ms)
		EndReloadAssembly (606ms)
			LoadAssemblies (130ms)
			RebuildTransferFunctionScriptingTraits (0ms)
			SetupTypeCache (162ms)
			ReleaseScriptCaches (0ms)
			RebuildScriptCaches (32ms)
			SetupLoadedEditorAssemblies (318ms)
				LogAssemblyErrors (0ms)
				InitializePlatformSupportModulesInManaged (4ms)
				SetLoadedEditorAssemblies (0ms)
				RefreshPlugins (0ms)
				BeforeProcessingInitializeOnLoad (50ms)
				ProcessInitializeOnLoadAttributes (242ms)
				ProcessInitializeOnLoadMethodAttributes (11ms)
				AfterProcessingInitializeOnLoad (9ms)
				EditorAssembliesLoaded (0ms)
			ExecutionOrderSort2 (0ms)
			AwakeInstancesAfterBackupRestoration (4ms)
Platform modules already initialized, skipping
========================================================================
Worker process is ready to serve import requests
Launched and connected shader compiler UnityShaderCompiler.exe after 0.06 seconds
Refreshing native plugins compatible for Editor in 0.39 ms, found 3 plugins.
Preloading 0 native plugins for Editor in 0.00 ms.
Unloading 3217 Unused Serialized files (Serialized files now loaded: 0)
Unloading 37 unused Assets / (184.6 KB). Loaded Objects now: 3682.
Memory consumption went from 188.7 MB to 188.5 MB.
Total: 2.566300 ms (FindLiveObjects: 0.164400 ms CreateObjectMapping: 0.044000 ms MarkObjects: 2.258700 ms  DeleteObjects: 0.098400 ms)

AssetImportParameters requested are different than current active one (requested -> active):
  custom:video-decoder-ogg-theora: a1e56fd34408186e4bbccfd4996cb3dc -> 
  custom:container-muxer-webm: aa71ff27fc2769a1b78a27578f13a17b -> 
  custom:container-demuxer-webm: 4f35f7cbe854078d1ac9338744f61a02 -> 
  custom:video-encoder-webm-vp8: eb34c28f22e8b96e1ab97ce403110664 -> 
  custom:video-codec-MediaFoundation-h265: 746d11721c4dcdbdad8f713fa42b33f4 -> 
  custom:audio-encoder-webm-vorbis: bf7c407c2cedff20999df2af8eb42d56 -> 
  custom:framework-win-MediaFoundation: 216162199b28c13a410421893ffa2e32 -> 
  custom:container-demuxer-ogg: 62fdf1f143b41e24485cea50d1cbac27 -> 
  custom:video-decoder-webm-vp8: 9c59270c3fd7afecdb556c50c9e8de78 -> 
  custom:audio-decoder-ogg-vorbis: bf7c407c2cedff20999df2af8eb42d56 -> 
========================================================================
Received Import Request.
  Time since last request: 99798.610181 seconds.
  path: Assets/UnityTechnologies/3DBeginnerTutorial/Art/Models/Diningroom/Monster_Lamp.fbx
  artifactKey: Guid(a6cb4aad363f3fb419fd659b5facc519) Importer(815301076,1909f56bfc062723c751e8b465ee728b)
Start importing Assets/UnityTechnologies/3DBeginnerTutorial/Art/Models/Diningroom/Monster_Lamp.fbx using Guid(a6cb4aad363f3fb419fd659b5facc519) Importer(815301076,1909f56bfc062723c751e8b465ee728b)  -> (artifact id: '409392f6ebeaf0b75bd522a6ec90ca9d') in 0.168748 seconds 
========================================================================
Received Import Request.
  Time since last request: 0.000020 seconds.
  path: Assets/UnityTechnologies/3DBeginnerTutorial/Prefabs/Environment/Corridors/Door.prefab
  artifactKey: Guid(141a3c088bae48f42a579375904a411c) Importer(815301076,1909f56bfc062723c751e8b465ee728b)
Start importing Assets/UnityTechnologies/3DBeginnerTutorial/Prefabs/Environment/Corridors/Door.prefab using Guid(141a3c088bae48f42a579375904a411c) Importer(815301076,1909f56bfc062723c751e8b465ee728b)  -> (artifact id: '940d70dbee0799c2e61e1454257b7696') in 0.040373 seconds 
========================================================================
Received Import Request.
  Time since last request: 0.000020 seconds.
  path: Packages/com.unity.testtools.codecoverage/package.json
  artifactKey: Guid(ba7d60725b0ec604698819352642be89) Importer(815301076,1909f56bfc062723c751e8b465ee728b)
Start importing Packages/com.unity.testtools.codecoverage/package.json using Guid(ba7d60725b0ec604698819352642be89) Importer(815301076,1909f56bfc062723c751e8b465ee728b)  -> (artifact id: 'b4ede392239df6bf770ed0fb43b79895') in 0.025958 seconds 
========================================================================
Received Import Request.
  Time since last request: 0.000023 seconds.
  path: Assets/UnityTechnologies/3DBeginnerTutorial/Prefabs/Ghost.prefab
  artifactKey: Guid(22144b8611231c24cbdba41e47cc62b4) Importer(815301076,1909f56bfc062723c751e8b465ee728b)
Start importing Assets/UnityTechnologies/3DBeginnerTutorial/Prefabs/Ghost.prefab using Guid(22144b8611231c24cbdba41e47cc62b4) Importer(815301076,1909f56bfc062723c751e8b465ee728b)  -> (artifact id: '9e6fc7ae70d8b8b1a370982fa43e8525') in 0.085926 seconds 
========================================================================
Received Import Request.
  Time since last request: 0.000022 seconds.
  path: Assets/UnityTechnologies/3DBeginnerTutorial/Art/Models/Diningroom/Table.FBX
  artifactKey: Guid(2c74f046c01bd7e4591c2e4e2567ca46) Importer(815301076,1909f56bfc062723c751e8b465ee728b)
Start importing Assets/UnityTechnologies/3DBeginnerTutorial/Art/Models/Diningroom/Table.FBX using Guid(2c74f046c01bd7e4591c2e4e2567ca46) Importer(815301076,1909f56bfc062723c751e8b465ee728b)  -> (artifact id: 'fd61c83f7d921cc628699bd6db18daae') in 0.063370 seconds 
========================================================================
Received Import Request.
  Time since last request: 0.000015 seconds.
  path: Assets/UnityTechnologies/3DBeginnerTutorial/Prefabs/Environment/Bathroom/Sink.prefab
  artifactKey: Guid(b2cd9ca61be77744ea109931b362b28e) Importer(815301076,1909f56bfc062723c751e8b465ee728b)
Start importing Assets/UnityTechnologies/3DBeginnerTutorial/Prefabs/Environment/Bathroom/Sink.prefab using Guid(b2cd9ca61be77744ea109931b362b28e) Importer(815301076,1909f56bfc062723c751e8b465ee728b)  -> (artifact id: '6ac8623f4d10ed434dc09e9a8bc2677a') in 0.034581 seconds 
========================================================================
Received Import Request.
  Time since last request: 0.000034 seconds.
  path: Assets/UnityTechnologies/3DBeginnerTutorial/Prefabs/PointOfView.prefab
  artifactKey: Guid(c75717551e3e7824396a3847031f271e) Importer(815301076,1909f56bfc062723c751e8b465ee728b)
Start importing Assets/UnityTechnologies/3DBeginnerTutorial/Prefabs/PointOfView.prefab using Guid(c75717551e3e7824396a3847031f271e) Importer(815301076,1909f56bfc062723c751e8b465ee728b)  -> (artifact id: '760172f2263b1424db6b5a4c9f5ccabc') in 0.025510 seconds 
========================================================================
Received Import Request.
  Time since last request: 0.000017 seconds.
  path: Assets/UnityTechnologies/3DBeginnerTutorial/Art/Models/Diningroom/Clock.FBX
  artifactKey: Guid(91811fda631823c49b536c0b67dfec68) Importer(815301076,1909f56bfc062723c751e8b465ee728b)
Start importing Assets/UnityTechnologies/3DBeginnerTutorial/Art/Models/Diningroom/Clock.FBX using Guid(91811fda631823c49b536c0b67dfec68) Importer(815301076,1909f56bfc062723c751e8b465ee728b)  -> (artifact id: 'f3a4226a35bcab4847ebfe5a4c90ae3d') in 0.033818 seconds 
========================================================================
Received Import Request.
  Time since last request: 0.000022 seconds.
  path: Assets/UnityTechnologies/3DBeginnerTutorial/Prefabs/Environment/Corridors/Wall_Straight_Exterior_02.prefab
  artifactKey: Guid(58d816ba5e386644e8997f9e70931507) Importer(815301076,1909f56bfc062723c751e8b465ee728b)
Start importing Assets/UnityTechnologies/3DBeginnerTutorial/Prefabs/Environment/Corridors/Wall_Straight_Exterior_02.prefab using Guid(58d816ba5e386644e8997f9e70931507) Importer(815301076,1909f56bfc062723c751e8b465ee728b)  -> (artifact id: '8ad725898e2bf2942f03a07f1ac9ab29') in 0.033014 seconds 
========================================================================
Received Import Request.
  Time since last request: 24.174503 seconds.
  path: Assets/FREE_Cartoon_Halloween_Pack/_Prefabs/Fence.prefab
  artifactKey: Guid(bb44ef16b180b6941bbe4caf411f6249) Importer(815301076,1909f56bfc062723c751e8b465ee728b)
Start importing Assets/FREE_Cartoon_Halloween_Pack/_Prefabs/Fence.prefab using Guid(bb44ef16b180b6941bbe4caf411f6249) Importer(815301076,1909f56bfc062723c751e8b465ee728b)  -> (artifact id: '1623e7019194da49ea0ad4d921901c4d') in 0.017428 seconds 
========================================================================
Received Import Request.
  Time since last request: 0.000044 seconds.
  path: Assets/FREE_Cartoon_Halloween_Pack/_Prefabs/Pumpkin_01.prefab
  artifactKey: Guid(44fe268b4fc78844a9bc14a96a4d088d) Importer(815301076,1909f56bfc062723c751e8b465ee728b)
Start importing Assets/FREE_Cartoon_Halloween_Pack/_Prefabs/Pumpkin_01.prefab using Guid(44fe268b4fc78844a9bc14a96a4d088d) Importer(815301076,1909f56bfc062723c751e8b465ee728b)  -> (artifact id: '77fa1509304aea95d7baa41f3d190016') in 0.017264 seconds 
========================================================================
Received Import Request.
  Time since last request: 0.000014 seconds.
  path: Assets/FREE_Cartoon_Halloween_Pack/_Prefabs/Lamp_01.prefab
  artifactKey: Guid(514630a4715471e4180ce9a0a6c5c236) Importer(815301076,1909f56bfc062723c751e8b465ee728b)
Start importing Assets/FREE_Cartoon_Halloween_Pack/_Prefabs/Lamp_01.prefab using Guid(514630a4715471e4180ce9a0a6c5c236) Importer(815301076,1909f56bfc062723c751e8b465ee728b)  -> (artifact id: '35ec141f247a005043214ef6112028c2') in 0.014729 seconds 
========================================================================
Received Import Request.
  Time since last request: 0.000014 seconds.
  path: Assets/FREE_Cartoon_Halloween_Pack/_Prefabs/Lamp_03.prefab
  artifactKey: Guid(6691b02975f55b1479597e6ac2f07bcc) Importer(815301076,1909f56bfc062723c751e8b465ee728b)
Start importing Assets/FREE_Cartoon_Halloween_Pack/_Prefabs/Lamp_03.prefab using Guid(6691b02975f55b1479597e6ac2f07bcc) Importer(815301076,1909f56bfc062723c751e8b465ee728b)  -> (artifact id: '33971b5a53f029cd856338f729ae3572') in 0.021445 seconds 
Editor requested this worker to shutdown with reason: Scaling down because of idle timeout
AssetImportWorker is now disconnected from the server
Process exiting
Exiting without the bug reporter. Application will terminate with return code 0